<?xml version="1.0" encoding="UTF-8"?>
<!-- Generated by org.testng.reporters.JUnitReportReporter -->
<testsuite skipped="0" hostname="Ajay-PC" name="com.proofhub.testcases.UsernamePageTest" tests="1" failures="0" timestamp="02 Nov 2018 02:52:35 GMT" time="18.775" errors="0">
  <testcase name="veriftNextButtonPresenceTest" time="18.775" classname="com.proofhub.testcases.UsernamePageTest"/>
</testsuite> <!-- com.proofhub.testcases.UsernamePageTest -->
