<?xml version="1.0" encoding="UTF-8"?>
<!-- Generated by org.testng.reporters.JUnitReportReporter -->
<testsuite skipped="0" hostname="Ajay-PC" name="com.proofhub.testcases.UsernamePageTest" tests="3" failures="0" timestamp="23 Oct 2018 02:27:15 GMT" time="57.079" errors="0">
  <testcase name="verifyUsernamePageTitleTest" time="19.732" classname="com.proofhub.testcases.UsernamePageTest"/>
  <testcase name="verifyCompanyName" time="19.855" classname="com.proofhub.testcases.UsernamePageTest"/>
  <testcase name="enterEmail" time="17.492" classname="com.proofhub.testcases.UsernamePageTest"/>
</testsuite> <!-- com.proofhub.testcases.UsernamePageTest -->
