<?xml version="1.0" encoding="UTF-8"?>
<!-- Generated by org.testng.reporters.JUnitReportReporter -->
<testsuite skipped="0" hostname="Ajay-PC" name="com.proofhub.testcases.HomePageTest" tests="1" failures="0" timestamp="02 Nov 2018 01:20:01 GMT" time="19.836" errors="0">
  <testcase name="verifyHomePageAfterLoginTest" time="19.836" classname="com.proofhub.testcases.HomePageTest"/>
</testsuite> <!-- com.proofhub.testcases.HomePageTest -->
