<?xml version="1.0" encoding="UTF-8"?>
<!-- Generated by org.testng.reporters.JUnitReportReporter -->
<testsuite skipped="0" hostname="Ajay-PC" name="com.proofhub.testcases.PasswordPageTest" tests="2" failures="0" timestamp="02 Nov 2018 01:20:01 GMT" time="37.604" errors="0">
  <testcase name="verifyUsernameOnPasswordPageTest" time="17.966" classname="com.proofhub.testcases.PasswordPageTest"/>
  <testcase name="enterPasswordTest" time="19.638" classname="com.proofhub.testcases.PasswordPageTest"/>
</testsuite> <!-- com.proofhub.testcases.PasswordPageTest -->
