<?xml version="1.0" encoding="UTF-8"?>
<!-- Generated by org.testng.reporters.JUnitReportReporter -->
<testsuite skipped="0" hostname="Ajay-PC" name="com.proofhub.testcases.UsernamePageTest" tests="1" failures="0" timestamp="26 Oct 2018 03:07:53 GMT" time="15.997" errors="0">
  <testcase name="verifyUsernamePageTitleTest" time="15.997" classname="com.proofhub.testcases.UsernamePageTest"/>
</testsuite> <!-- com.proofhub.testcases.UsernamePageTest -->
