<?xml version="1.0" encoding="UTF-8"?>
<!-- Generated by org.testng.reporters.JUnitReportReporter -->
<testsuite skipped="0" hostname="Ajay-PC" name="com.proofhub.testcases.UsernamePageTest" tests="7" failures="1" timestamp="12 Nov 2018 01:55:32 GMT" time="208.053" errors="0">
  <testcase name="verifyUsernamePageTitleTest" time="21.796" classname="com.proofhub.testcases.UsernamePageTest"/>
  <testcase name="verifyCompanyName" time="16.183" classname="com.proofhub.testcases.UsernamePageTest"/>
  <testcase name="clickHelpLinkTest" time="88.909" classname="com.proofhub.testcases.UsernamePageTest"/>
  <testcase name="enterEmailTest" time="25.813" classname="com.proofhub.testcases.UsernamePageTest"/>
  <testcase name="blankUsernameValidationMsgTest" time="18.799" classname="com.proofhub.testcases.UsernamePageTest"/>
  <testcase name="verifyLoginTextOnUsernamePageTest" time="16.544" classname="com.proofhub.testcases.UsernamePageTest">
    <failure type="java.lang.AssertionError" message="Login to continue  text is not displayed on username page expected [false] but found [true]">
      <![CDATA[java.lang.AssertionError: Login to continue  text is not displayed on username page expected [false] but found [true]
at org.testng.Assert.fail(Assert.java:96)
at org.testng.Assert.failNotEquals(Assert.java:776)
at org.testng.Assert.assertFalse(Assert.java:65)
at com.proofhub.testcases.UsernamePageTest.verifyLoginTextOnUsernamePageTest(UsernamePageTest.java:62)
at sun.reflect.NativeMethodAccessorImpl.invoke0(Native Method)
at sun.reflect.NativeMethodAccessorImpl.invoke(Unknown Source)
at sun.reflect.DelegatingMethodAccessorImpl.invoke(Unknown Source)
at java.lang.reflect.Method.invoke(Unknown Source)
at org.testng.internal.MethodInvocationHelper.invokeMethod(MethodInvocationHelper.java:124)
at org.testng.internal.Invoker.invokeMethod(Invoker.java:583)
at org.testng.internal.Invoker.invokeTestMethod(Invoker.java:719)
at org.testng.internal.Invoker.invokeTestMethods(Invoker.java:989)
at org.testng.internal.TestMethodWorker.invokeTestMethods(TestMethodWorker.java:125)
at org.testng.internal.TestMethodWorker.run(TestMethodWorker.java:109)
at org.testng.TestRunner.privateRun(TestRunner.java:648)
at org.testng.TestRunner.run(TestRunner.java:505)
at org.testng.SuiteRunner.runTest(SuiteRunner.java:455)
at org.testng.SuiteRunner.runSequentially(SuiteRunner.java:450)
at org.testng.SuiteRunner.privateRun(SuiteRunner.java:415)
at org.testng.SuiteRunner.run(SuiteRunner.java:364)
at org.testng.SuiteRunnerWorker.runSuite(SuiteRunnerWorker.java:52)
at org.testng.SuiteRunnerWorker.run(SuiteRunnerWorker.java:84)
at org.testng.TestNG.runSuitesSequentially(TestNG.java:1208)
at org.testng.TestNG.runSuitesLocally(TestNG.java:1137)
at org.testng.TestNG.runSuites(TestNG.java:1049)
at org.testng.TestNG.run(TestNG.java:1017)
at org.testng.remote.AbstractRemoteTestNG.run(AbstractRemoteTestNG.java:114)
at org.testng.remote.RemoteTestNG.initAndRun(RemoteTestNG.java:251)
at org.testng.remote.RemoteTestNG.main(RemoteTestNG.java:77)
]]>
    </failure>
  </testcase> <!-- verifyLoginTextOnUsernamePageTest -->
  <testcase name="veriftNextButtonPresenceTest" time="20.009" classname="com.proofhub.testcases.UsernamePageTest"/>
</testsuite> <!-- com.proofhub.testcases.UsernamePageTest -->
