<?xml version="1.0" encoding="UTF-8"?>
<!-- Generated by org.testng.reporters.JUnitReportReporter -->
<testsuite skipped="0" hostname="Ajay-PC" name="com.proofhub.testcases.PasswordPageTest" tests="2" failures="0" timestamp="26 Oct 2018 03:09:11 GMT" time="37.697" errors="0">
  <testcase name="verifyUsernameOnPasswordPageTest" time="20.236" classname="com.proofhub.testcases.PasswordPageTest"/>
  <testcase name="enterPasswordTest" time="17.461" classname="com.proofhub.testcases.PasswordPageTest"/>
</testsuite> <!-- com.proofhub.testcases.PasswordPageTest -->
