<?xml version="1.0" encoding="UTF-8"?>
<!-- Generated by org.testng.reporters.JUnitReportReporter -->
<testsuite skipped="0" hostname="Ajay-PC" name="com.proofhub.testcases.PasswordPageTest" tests="1" failures="0" timestamp="12 Nov 2018 02:52:57 GMT" time="27.380" errors="0">
  <testcase name="backToLoginFunctionalityTest" time="27.380" classname="com.proofhub.testcases.PasswordPageTest"/>
</testsuite> <!-- com.proofhub.testcases.PasswordPageTest -->
