<?xml version="1.0" encoding="UTF-8"?>
<!-- Generated by org.testng.reporters.JUnitReportReporter -->
<testsuite skipped="0" hostname="Macmini-4.local" name="com.proofhub.testcases.UsernamePageTest" tests="3" failures="0" timestamp="23 Oct 2018 11:21:20 GMT" time="58.244" errors="0">
  <testcase name="verifyUsernamePageTitleTest" time="19.615" classname="com.proofhub.testcases.UsernamePageTest"/>
  <testcase name="verifyCompanyName" time="19.734" classname="com.proofhub.testcases.UsernamePageTest"/>
  <testcase name="enterEmail" time="18.895" classname="com.proofhub.testcases.UsernamePageTest"/>
</testsuite> <!-- com.proofhub.testcases.UsernamePageTest -->
