<?xml version="1.0" encoding="UTF-8"?>
<!-- Generated by org.testng.reporters.JUnitReportReporter -->
<testsuite skipped="0" hostname="Macmini-4.local" name="com.proofhub.testcases.PasswordPageTest" tests="2" failures="0" timestamp="26 Oct 2018 10:46:52 GMT" time="39.579" errors="0">
  <testcase name="verifyUsernameOnPasswordPageTest" time="21.350" classname="com.proofhub.testcases.PasswordPageTest"/>
  <testcase name="enterPasswordTest" time="18.229" classname="com.proofhub.testcases.PasswordPageTest"/>
</testsuite> <!-- com.proofhub.testcases.PasswordPageTest -->
